This is pdfTeX, Version 3.14159265-2.6-1.40.18 (TeX Live 2017/Debian) (preloaded format=pdflatex 2017.9.4)  14 OCT 2020 19:05
entering extended mode
 restricted \write18 enabled.
 %&-line parsing enabled.
**temp.tex
(./temp.tex
LaTeX2e <2017-04-15>
Babel <3.12> and hyphenation patterns for 9 language(s) loaded.
(/usr/share/texlive/texmf-dist/tex/latex/base/article.cls
Document Class: article 2014/09/29 v1.4h Standard LaTeX document class
(/usr/share/texlive/texmf-dist/tex/latex/base/size11.clo
File: size11.clo 2014/09/29 v1.4h Standard LaTeX file (size option)
)
\c@part=\count79
\c@section=\count80
\c@subsection=\count81
\c@subsubsection=\count82
\c@paragraph=\count83
\c@subparagraph=\count84
\c@figure=\count85
\c@table=\count86
\abovecaptionskip=\skip41
\belowcaptionskip=\skip42
\bibindent=\dimen102
)
(/usr/share/texlive/texmf-dist/tex/latex/base/inputenc.sty
Package: inputenc 2015/03/17 v1.2c Input encoding file
\inpenc@prehook=\toks14
\inpenc@posthook=\toks15

(/usr/share/texlive/texmf-dist/tex/latex/base/utf8.def
File: utf8.def 2017/01/28 v1.1t UTF-8 support for inputenc
Now handling font encoding OML ...
... no UTF-8 mapping file for font encoding OML
Now handling font encoding T1 ...
... processing UTF-8 mapping file for font encoding T1

(/usr/share/texlive/texmf-dist/tex/latex/base/t1enc.dfu
File: t1enc.dfu 2017/01/28 v1.1t UTF-8 support for inputenc
   defining Unicode char U+00A0 (decimal 160)
   defining Unicode char U+00A1 (decimal 161)
   defining Unicode char U+00A3 (decimal 163)
   defining Unicode char U+00AB (decimal 171)
   defining Unicode char U+00AD (decimal 173)
   defining Unicode char U+00BB (decimal 187)
   defining Unicode char U+00BF (decimal 191)
   defining Unicode char U+00C0 (decimal 192)
   defining Unicode char U+00C1 (decimal 193)
   defining Unicode char U+00C2 (decimal 194)
   defining Unicode char U+00C3 (decimal 195)
   defining Unicode char U+00C4 (decimal 196)
   defining Unicode char U+00C5 (decimal 197)
   defining Unicode char U+00C6 (decimal 198)
   defining Unicode char U+00C7 (decimal 199)
   defining Unicode char U+00C8 (decimal 200)
   defining Unicode char U+00C9 (decimal 201)
   defining Unicode char U+00CA (decimal 202)
   defining Unicode char U+00CB (decimal 203)
   defining Unicode char U+00CC (decimal 204)
   defining Unicode char U+00CD (decimal 205)
   defining Unicode char U+00CE (decimal 206)
   defining Unicode char U+00CF (decimal 207)
   defining Unicode char U+00D0 (decimal 208)
   defining Unicode char U+00D1 (decimal 209)
   defining Unicode char U+00D2 (decimal 210)
   defining Unicode char U+00D3 (decimal 211)
   defining Unicode char U+00D4 (decimal 212)
   defining Unicode char U+00D5 (decimal 213)
   defining Unicode char U+00D6 (decimal 214)
   defining Unicode char U+00D8 (decimal 216)
   defining Unicode char U+00D9 (decimal 217)
   defining Unicode char U+00DA (decimal 218)
   defining Unicode char U+00DB (decimal 219)
   defining Unicode char U+00DC (decimal 220)
   defining Unicode char U+00DD (decimal 221)
   defining Unicode char U+00DE (decimal 222)
   defining Unicode char U+00DF (decimal 223)
   defining Unicode char U+00E0 (decimal 224)
   defining Unicode char U+00E1 (decimal 225)
   defining Unicode char U+00E2 (decimal 226)
   defining Unicode char U+00E3 (decimal 227)
   defining Unicode char U+00E4 (decimal 228)
   defining Unicode char U+00E5 (decimal 229)
   defining Unicode char U+00E6 (decimal 230)
   defining Unicode char U+00E7 (decimal 231)
   defining Unicode char U+00E8 (decimal 232)
   defining Unicode char U+00E9 (decimal 233)
   defining Unicode char U+00EA (decimal 234)
   defining Unicode char U+00EB (decimal 235)
   defining Unicode char U+00EC (decimal 236)
   defining Unicode char U+00ED (decimal 237)
   defining Unicode char U+00EE (decimal 238)
   defining Unicode char U+00EF (decimal 239)
   defining Unicode char U+00F0 (decimal 240)
   defining Unicode char U+00F1 (decimal 241)
   defining Unicode char U+00F2 (decimal 242)
   defining Unicode char U+00F3 (decimal 243)
   defining Unicode char U+00F4 (decimal 244)
   defining Unicode char U+00F5 (decimal 245)
   defining Unicode char U+00F6 (decimal 246)
   defining Unicode char U+00F8 (decimal 248)
   defining Unicode char U+00F9 (decimal 249)
   defining Unicode char U+00FA (decimal 250)
   defining Unicode char U+00FB (decimal 251)
   defining Unicode char U+00FC (decimal 252)
   defining Unicode char U+00FD (decimal 253)
   defining Unicode char U+00FE (decimal 254)
   defining Unicode char U+00FF (decimal 255)
   defining Unicode char U+0100 (decimal 256)
   defining Unicode char U+0101 (decimal 257)
   defining Unicode char U+0102 (decimal 258)
   defining Unicode char U+0103 (decimal 259)
   defining Unicode char U+0104 (decimal 260)
   defining Unicode char U+0105 (decimal 261)
   defining Unicode char U+0106 (decimal 262)
   defining Unicode char U+0107 (decimal 263)
   defining Unicode char U+0108 (decimal 264)
   defining Unicode char U+0109 (decimal 265)
   defining Unicode char U+010A (decimal 266)
   defining Unicode char U+010B (decimal 267)
   defining Unicode char U+010C (decimal 268)
   defining Unicode char U+010D (decimal 269)
   defining Unicode char U+010E (decimal 270)
   defining Unicode char U+010F (decimal 271)
   defining Unicode char U+0110 (decimal 272)
   defining Unicode char U+0111 (decimal 273)
   defining Unicode char U+0112 (decimal 274)
   defining Unicode char U+0113 (decimal 275)
   defining Unicode char U+0114 (decimal 276)
   defining Unicode char U+0115 (decimal 277)
   defining Unicode char U+0116 (decimal 278)
   defining Unicode char U+0117 (decimal 279)
   defining Unicode char U+0118 (decimal 280)
   defining Unicode char U+0119 (decimal 281)
   defining Unicode char U+011A (decimal 282)
   defining Unicode char U+011B (decimal 283)
   defining Unicode char U+011C (decimal 284)
   defining Unicode char U+011D (decimal 285)
   defining Unicode char U+011E (decimal 286)
   defining Unicode char U+011F (decimal 287)
   defining Unicode char U+0120 (decimal 288)
   defining Unicode char U+0121 (decimal 289)
   defining Unicode char U+0122 (decimal 290)
   defining Unicode char U+0123 (decimal 291)
   defining Unicode char U+0124 (decimal 292)
   defining Unicode char U+0125 (decimal 293)
   defining Unicode char U+0128 (decimal 296)
   defining Unicode char U+0129 (decimal 297)
   defining Unicode char U+012A (decimal 298)
   defining Unicode char U+012B (decimal 299)
   defining Unicode char U+012C (decimal 300)
   defining Unicode char U+012D (decimal 301)
   defining Unicode char U+012E (decimal 302)
   defining Unicode char U+012F (decimal 303)
   defining Unicode char U+0130 (decimal 304)
   defining Unicode char U+0131 (decimal 305)
   defining Unicode char U+0132 (decimal 306)
   defining Unicode char U+0133 (decimal 307)
   defining Unicode char U+0134 (decimal 308)
   defining Unicode char U+0135 (decimal 309)
   defining Unicode char U+0136 (decimal 310)
   defining Unicode char U+0137 (decimal 311)
   defining Unicode char U+0139 (decimal 313)
   defining Unicode char U+013A (decimal 314)
   defining Unicode char U+013B (decimal 315)
   defining Unicode char U+013C (decimal 316)
   defining Unicode char U+013D (decimal 317)
   defining Unicode char U+013E (decimal 318)
   defining Unicode char U+0141 (decimal 321)
   defining Unicode char U+0142 (decimal 322)
   defining Unicode char U+0143 (decimal 323)
   defining Unicode char U+0144 (decimal 324)
   defining Unicode char U+0145 (decimal 325)
   defining Unicode char U+0146 (decimal 326)
   defining Unicode char U+0147 (decimal 327)
   defining Unicode char U+0148 (decimal 328)
   defining Unicode char U+014A (decimal 330)
   defining Unicode char U+014B (decimal 331)
   defining Unicode char U+014C (decimal 332)
   defining Unicode char U+014D (decimal 333)
   defining Unicode char U+014E (decimal 334)
   defining Unicode char U+014F (decimal 335)
   defining Unicode char U+0150 (decimal 336)
   defining Unicode char U+0151 (decimal 337)
   defining Unicode char U+0152 (decimal 338)
   defining Unicode char U+0153 (decimal 339)
   defining Unicode char U+0154 (decimal 340)
   defining Unicode char U+0155 (decimal 341)
   defining Unicode char U+0156 (decimal 342)
   defining Unicode char U+0157 (decimal 343)
   defining Unicode char U+0158 (decimal 344)
   defining Unicode char U+0159 (decimal 345)
   defining Unicode char U+015A (decimal 346)
   defining Unicode char U+015B (decimal 347)
   defining Unicode char U+015C (decimal 348)
   defining Unicode char U+015D (decimal 349)
   defining Unicode char U+015E (decimal 350)
   defining Unicode char U+015F (decimal 351)
   defining Unicode char U+0160 (decimal 352)
   defining Unicode char U+0161 (decimal 353)
   defining Unicode char U+0162 (decimal 354)
   defining Unicode char U+0163 (decimal 355)
   defining Unicode char U+0164 (decimal 356)
   defining Unicode char U+0165 (decimal 357)
   defining Unicode char U+0168 (decimal 360)
   defining Unicode char U+0169 (decimal 361)
   defining Unicode char U+016A (decimal 362)
   defining Unicode char U+016B (decimal 363)
   defining Unicode char U+016C (decimal 364)
   defining Unicode char U+016D (decimal 365)
   defining Unicode char U+016E (decimal 366)
   defining Unicode char U+016F (decimal 367)
   defining Unicode char U+0170 (decimal 368)
   defining Unicode char U+0171 (decimal 369)
   defining Unicode char U+0172 (decimal 370)
   defining Unicode char U+0173 (decimal 371)
   defining Unicode char U+0174 (decimal 372)
   defining Unicode char U+0175 (decimal 373)
   defining Unicode char U+0176 (decimal 374)
   defining Unicode char U+0177 (decimal 375)
   defining Unicode char U+0178 (decimal 376)
   defining Unicode char U+0179 (decimal 377)
   defining Unicode char U+017A (decimal 378)
   defining Unicode char U+017B (decimal 379)
   defining Unicode char U+017C (decimal 380)
   defining Unicode char U+017D (decimal 381)
   defining Unicode char U+017E (decimal 382)
   defining Unicode char U+01CD (decimal 461)
   defining Unicode char U+01CE (decimal 462)
   defining Unicode char U+01CF (decimal 463)
   defining Unicode char U+01D0 (decimal 464)
   defining Unicode char U+01D1 (decimal 465)
   defining Unicode char U+01D2 (decimal 466)
   defining Unicode char U+01D3 (decimal 467)
   defining Unicode char U+01D4 (decimal 468)
   defining Unicode char U+01E2 (decimal 482)
   defining Unicode char U+01E3 (decimal 483)
   defining Unicode char U+01E6 (decimal 486)
   defining Unicode char U+01E7 (decimal 487)
   defining Unicode char U+01E8 (decimal 488)
   defining Unicode char U+01E9 (decimal 489)
   defining Unicode char U+01EA (decimal 490)
   defining Unicode char U+01EB (decimal 491)
   defining Unicode char U+01F0 (decimal 496)
   defining Unicode char U+01F4 (decimal 500)
   defining Unicode char U+01F5 (decimal 501)
   defining Unicode char U+0218 (decimal 536)
   defining Unicode char U+0219 (decimal 537)
   defining Unicode char U+021A (decimal 538)
   defining Unicode char U+021B (decimal 539)
   defining Unicode char U+0232 (decimal 562)
   defining Unicode char U+0233 (decimal 563)
   defining Unicode char U+1E02 (decimal 7682)
   defining Unicode char U+1E03 (decimal 7683)
   defining Unicode char U+200C (decimal 8204)
   defining Unicode char U+2010 (decimal 8208)
   defining Unicode char U+2011 (decimal 8209)
   defining Unicode char U+2012 (decimal 8210)
   defining Unicode char U+2013 (decimal 8211)
   defining Unicode char U+2014 (decimal 8212)
   defining Unicode char U+2015 (decimal 8213)
   defining Unicode char U+2018 (decimal 8216)
   defining Unicode char U+2019 (decimal 8217)
   defining Unicode char U+201A (decimal 8218)
   defining Unicode char U+201C (decimal 8220)
   defining Unicode char U+201D (decimal 8221)
   defining Unicode char U+201E (decimal 8222)
   defining Unicode char U+2030 (decimal 8240)
   defining Unicode char U+2031 (decimal 8241)
   defining Unicode char U+2039 (decimal 8249)
   defining Unicode char U+203A (decimal 8250)
   defining Unicode char U+2423 (decimal 9251)
   defining Unicode char U+1E20 (decimal 7712)
   defining Unicode char U+1E21 (decimal 7713)
)
Now handling font encoding OT1 ...
... processing UTF-8 mapping file for font encoding OT1

(/usr/share/texlive/texmf-dist/tex/latex/base/ot1enc.dfu
File: ot1enc.dfu 2017/01/28 v1.1t UTF-8 support for inputenc
   defining Unicode char U+00A0 (decimal 160)
   defining Unicode char U+00A1 (decimal 161)
   defining Unicode char U+00A3 (decimal 163)
   defining Unicode char U+00AD (decimal 173)
   defining Unicode char U+00B8 (decimal 184)
   defining Unicode char U+00BF (decimal 191)
   defining Unicode char U+00C5 (decimal 197)
   defining Unicode char U+00C6 (decimal 198)
   defining Unicode char U+00D8 (decimal 216)
   defining Unicode char U+00DF (decimal 223)
   defining Unicode char U+00E6 (decimal 230)
   defining Unicode char U+00EC (decimal 236)
   defining Unicode char U+00ED (decimal 237)
   defining Unicode char U+00EE (decimal 238)
   defining Unicode char U+00EF (decimal 239)
   defining Unicode char U+00F8 (decimal 248)
   defining Unicode char U+0131 (decimal 305)
   defining Unicode char U+0141 (decimal 321)
   defining Unicode char U+0142 (decimal 322)
   defining Unicode char U+0152 (decimal 338)
   defining Unicode char U+0153 (decimal 339)
   defining Unicode char U+0174 (decimal 372)
   defining Unicode char U+0175 (decimal 373)
   defining Unicode char U+0176 (decimal 374)
   defining Unicode char U+0177 (decimal 375)
   defining Unicode char U+0218 (decimal 536)
   defining Unicode char U+0219 (decimal 537)
   defining Unicode char U+021A (decimal 538)
   defining Unicode char U+021B (decimal 539)
   defining Unicode char U+2013 (decimal 8211)
   defining Unicode char U+2014 (decimal 8212)
   defining Unicode char U+2018 (decimal 8216)
   defining Unicode char U+2019 (decimal 8217)
   defining Unicode char U+201C (decimal 8220)
   defining Unicode char U+201D (decimal 8221)
)
Now handling font encoding OMS ...
... processing UTF-8 mapping file for font encoding OMS

(/usr/share/texlive/texmf-dist/tex/latex/base/omsenc.dfu
File: omsenc.dfu 2017/01/28 v1.1t UTF-8 support for inputenc
   defining Unicode char U+00A7 (decimal 167)
   defining Unicode char U+00B6 (decimal 182)
   defining Unicode char U+00B7 (decimal 183)
   defining Unicode char U+2020 (decimal 8224)
   defining Unicode char U+2021 (decimal 8225)
   defining Unicode char U+2022 (decimal 8226)
)
Now handling font encoding OMX ...
... no UTF-8 mapping file for font encoding OMX
Now handling font encoding U ...
... no UTF-8 mapping file for font encoding U
   defining Unicode char U+00A9 (decimal 169)
   defining Unicode char U+00AA (decimal 170)
   defining Unicode char U+00AE (decimal 174)
   defining Unicode char U+00BA (decimal 186)
   defining Unicode char U+02C6 (decimal 710)
   defining Unicode char U+02DC (decimal 732)
   defining Unicode char U+200C (decimal 8204)
   defining Unicode char U+2026 (decimal 8230)
   defining Unicode char U+2122 (decimal 8482)
   defining Unicode char U+2423 (decimal 9251)
))
(/usr/share/texlive/texmf-dist/tex/latex/base/fontenc.sty
Package: fontenc 2017/04/05 v2.0i Standard LaTeX package

(/usr/share/texlive/texmf-dist/tex/latex/base/t1enc.def
File: t1enc.def 2017/04/05 v2.0i Standard LaTeX file
LaTeX Font Info:    Redeclaring font encoding T1 on input line 48.
))
(/usr/share/texlive/texmf-dist/tex/generic/babel/babel.sty
Package: babel 2017/06/29 3.12 The Babel package

(/usr/share/texlive/texmf-dist/tex/generic/babel/switch.def
File: switch.def 2017/06/29 3.12 Babel switching mechanism
)
(/usr/share/texlive/texmf-dist/tex/generic/babel-french/frenchb.ldf
Language: frenchb 2017/07/08 v3.3b French support from the babel system

(/usr/share/texlive/texmf-dist/tex/generic/babel-french/french.ldf
Language: french 2017/07/08 v3.3b French support from the babel system

(/usr/share/texlive/texmf-dist/tex/generic/babel/babel.def
File: babel.def 2017/06/29 3.12 Babel common definitions

(/usr/share/texlive/texmf-dist/tex/generic/babel/switch.def
File: switch.def 2017/06/29 3.12 Babel switching mechanism
)
\babel@savecnt=\count87
\U@D=\dimen103
)
\FB@nonchar=\count88
\FBcolonsp=\toks16
\FBthinsp=\toks17
Package babel Info: Making : an active character on input line 321.
Package babel Info: Making ; an active character on input line 322.
Package babel Info: Making ! an active character on input line 323.
Package babel Info: Making ? an active character on input line 324.
\FBguillsp=\toks18
\FBguill@level=\count89
\FB@everypar=\toks19
\FB@Mht=\dimen104
\mc@charclass=\count90
\mc@charfam=\count91
\mc@charslot=\count92
\std@mcc=\count93
\dec@mcc=\count94
\listindentFB=\skip43
\descindentFB=\skip44
\labelwidthFB=\skip45
\leftmarginFB=\skip46
\parindentFFN=\dimen105
\FBfnindent=\skip47
)))
(/usr/share/texlive/texmf-dist/tex/latex/carlisle/scalefnt.sty)
(/usr/share/texlive/texmf-dist/tex/latex/graphics/keyval.sty
Package: keyval 2014/10/28 v1.15 key=value parser (DPC)
\KV@toks@=\toks20
)
(/usr/share/texlive/texmf-dist/tex/latex/graphics/graphicx.sty
Package: graphicx 2017/06/01 v1.1a Enhanced LaTeX Graphics (DPC,SPQR)

(/usr/share/texlive/texmf-dist/tex/latex/graphics/graphics.sty
Package: graphics 2017/06/25 v1.2c Standard LaTeX Graphics (DPC,SPQR)

(/usr/share/texlive/texmf-dist/tex/latex/graphics/trig.sty
Package: trig 2016/01/03 v1.10 sin cos tan (DPC)
)
(/usr/share/texlive/texmf-dist/tex/latex/graphics-cfg/graphics.cfg
File: graphics.cfg 2016/06/04 v1.11 sample graphics configuration
)
Package graphics Info: Driver file: pdftex.def on input line 99.

(/usr/share/texlive/texmf-dist/tex/latex/graphics-def/pdftex.def
File: pdftex.def 2017/06/24 v1.0g Graphics/color driver for pdftex
))
\Gin@req@height=\dimen106
\Gin@req@width=\dimen107
)
(/usr/share/texlive/texmf-dist/tex/latex/caption/subcaption.sty
Package: subcaption 2016/05/22 v1.1-161 Sub-captions (AR)

(/usr/share/texlive/texmf-dist/tex/latex/caption/caption.sty
Package: caption 2016/02/21 v3.3-144 Customizing captions (AR)

(/usr/share/texlive/texmf-dist/tex/latex/caption/caption3.sty
Package: caption3 2016/05/22 v1.7-166 caption3 kernel (AR)
Package caption3 Info: TeX engine: e-TeX on input line 67.
\captionmargin=\dimen108
\captionmargin@=\dimen109
\captionwidth=\dimen110
\caption@tempdima=\dimen111
\caption@indent=\dimen112
\caption@parindent=\dimen113
\caption@hangindent=\dimen114
)
\c@ContinuedFloat=\count95
)
\c@subfigure=\count96
\c@subtable=\count97
)
(/usr/share/texlive/texmf-dist/tex/latex/xcolor/xcolor.sty
Package: xcolor 2016/05/11 v2.12 LaTeX color extensions (UK)

(/usr/share/texlive/texmf-dist/tex/latex/graphics-cfg/color.cfg
File: color.cfg 2016/01/02 v1.6 sample color configuration
)
Package xcolor Info: Driver file: pdftex.def on input line 225.

(/usr/share/texlive/texmf-dist/tex/latex/colortbl/colortbl.sty
Package: colortbl 2012/02/13 v1.0a Color table columns (DPC)

(/usr/share/texlive/texmf-dist/tex/latex/tools/array.sty
Package: array 2016/10/06 v2.4d Tabular extension package (FMi)
\col@sep=\dimen115
\extrarowheight=\dimen116
\NC@list=\toks21
\extratabsurround=\skip48
\backup@length=\skip49
)
\everycr=\toks22
\minrowclearance=\skip50
)
\rownum=\count98
Package xcolor Info: Model `cmy' substituted by `cmy0' on input line 1348.
Package xcolor Info: Model `hsb' substituted by `rgb' on input line 1352.
Package xcolor Info: Model `RGB' extended on input line 1364.
Package xcolor Info: Model `HTML' substituted by `rgb' on input line 1366.
Package xcolor Info: Model `Hsb' substituted by `hsb' on input line 1367.
Package xcolor Info: Model `tHsb' substituted by `hsb' on input line 1368.
Package xcolor Info: Model `HSB' substituted by `hsb' on input line 1369.
Package xcolor Info: Model `Gray' substituted by `gray' on input line 1370.
Package xcolor Info: Model `wave' substituted by `hsb' on input line 1371.
)
(/usr/share/texlive/texmf-dist/tex/latex/tools/longtable.sty
Package: longtable 2014/10/28 v4.11 Multi-page Table package (DPC)
\LTleft=\skip51
\LTright=\skip52
\LTpre=\skip53
\LTpost=\skip54
\LTchunksize=\count99
\LTcapwidth=\dimen117
\LT@head=\box26
\LT@firsthead=\box27
\LT@foot=\box28
\LT@lastfoot=\box29
\LT@cols=\count100
\LT@rows=\count101
\c@LT@tables=\count102
\c@LT@chunks=\count103
\LT@p@ftn=\toks23
)
(/usr/share/texlive/texmf-dist/tex/latex/geometry/geometry.sty
Package: geometry 2010/09/12 v5.6 Page Geometry

(/usr/share/texlive/texmf-dist/tex/generic/oberdiek/ifpdf.sty
Package: ifpdf 2017/03/15 v3.2 Provides the ifpdf switch
)
(/usr/share/texlive/texmf-dist/tex/generic/oberdiek/ifvtex.sty
Package: ifvtex 2016/05/16 v1.6 Detect VTeX and its facilities (HO)
Package ifvtex Info: VTeX not detected.
)
(/usr/share/texlive/texmf-dist/tex/generic/ifxetex/ifxetex.sty
Package: ifxetex 2010/09/12 v0.6 Provides ifxetex conditional
)
\Gm@cnth=\count104
\Gm@cntv=\count105
\c@Gm@tempcnt=\count106
\Gm@bindingoffset=\dimen118
\Gm@wd@mp=\dimen119
\Gm@odd@mp=\dimen120
\Gm@even@mp=\dimen121
\Gm@layoutwidth=\dimen122
\Gm@layoutheight=\dimen123
\Gm@layouthoffset=\dimen124
\Gm@layoutvoffset=\dimen125
\Gm@dimlist=\toks24
) (./temp.aux)
\openout1 = `temp.aux'.

LaTeX Font Info:    Checking defaults for OML/cmm/m/it on input line 11.
LaTeX Font Info:    ... okay on input line 11.
LaTeX Font Info:    Checking defaults for T1/cmr/m/n on input line 11.
LaTeX Font Info:    ... okay on input line 11.
LaTeX Font Info:    Checking defaults for OT1/cmr/m/n on input line 11.
LaTeX Font Info:    ... okay on input line 11.
LaTeX Font Info:    Checking defaults for OMS/cmsy/m/n on input line 11.
LaTeX Font Info:    ... okay on input line 11.
LaTeX Font Info:    Checking defaults for OMX/cmex/m/n on input line 11.
LaTeX Font Info:    ... okay on input line 11.
LaTeX Font Info:    Checking defaults for U/cmr/m/n on input line 11.
LaTeX Font Info:    ... okay on input line 11.
LaTeX Info: Redefining \degres on input line 11.
LaTeX Info: Redefining \dots on input line 11.
LaTeX Info: Redefining \up on input line 11.

(/usr/share/texlive/texmf-dist/tex/context/base/mkii/supp-pdf.mkii
[Loading MPS to PDF converter (version 2006.09.02).]
\scratchcounter=\count107
\scratchdimen=\dimen126
\scratchbox=\box30
\nofMPsegments=\count108
\nofMParguments=\count109
\everyMPshowfont=\toks25
\MPscratchCnt=\count110
\MPscratchDim=\dimen127
\MPnumerator=\count111
\makeMPintoPDFobject=\count112
\everyMPtoPDFconversion=\toks26
) (/usr/share/texlive/texmf-dist/tex/latex/oberdiek/epstopdf-base.sty
Package: epstopdf-base 2016/05/15 v2.6 Base part for package epstopdf

(/usr/share/texlive/texmf-dist/tex/generic/oberdiek/infwarerr.sty
Package: infwarerr 2016/05/16 v1.4 Providing info/warning/error messages (HO)
)
(/usr/share/texlive/texmf-dist/tex/latex/oberdiek/grfext.sty
Package: grfext 2016/05/16 v1.2 Manage graphics extensions (HO)

(/usr/share/texlive/texmf-dist/tex/generic/oberdiek/kvdefinekeys.sty
Package: kvdefinekeys 2016/05/16 v1.4 Define keys (HO)

(/usr/share/texlive/texmf-dist/tex/generic/oberdiek/ltxcmds.sty
Package: ltxcmds 2016/05/16 v1.23 LaTeX kernel commands for general use (HO)
)))
(/usr/share/texlive/texmf-dist/tex/latex/oberdiek/kvoptions.sty
Package: kvoptions 2016/05/16 v3.12 Key value format for package options (HO)

(/usr/share/texlive/texmf-dist/tex/generic/oberdiek/kvsetkeys.sty
Package: kvsetkeys 2016/05/16 v1.17 Key value parser (HO)

(/usr/share/texlive/texmf-dist/tex/generic/oberdiek/etexcmds.sty
Package: etexcmds 2016/05/16 v1.6 Avoid name clashes with e-TeX commands (HO)

(/usr/share/texlive/texmf-dist/tex/generic/oberdiek/ifluatex.sty
Package: ifluatex 2016/05/16 v1.4 Provides the ifluatex switch (HO)
Package ifluatex Info: LuaTeX not detected.
)
Package etexcmds Info: Could not find \expanded.
(etexcmds)             That can mean that you are not using pdfTeX 1.50 or
(etexcmds)             that some package has redefined \expanded.
(etexcmds)             In the latter case, load this package earlier.
)))
(/usr/share/texlive/texmf-dist/tex/generic/oberdiek/pdftexcmds.sty
Package: pdftexcmds 2017/03/19 v0.25 Utility functions of pdfTeX for LuaTeX (HO
)
Package pdftexcmds Info: LuaTeX not detected.
Package pdftexcmds Info: \pdf@primitive is available.
Package pdftexcmds Info: \pdf@ifprimitive is available.
Package pdftexcmds Info: \pdfdraftmode found.
)
Package epstopdf-base Info: Redefining graphics rule for `.eps' on input line 4
38.
Package grfext Info: Graphics extension search list:
(grfext)             [.pdf,.png,.jpg,.mps,.jpeg,.jbig2,.jb2,.PDF,.PNG,.JPG,.JPE
G,.JBIG2,.JB2,.eps]
(grfext)             \AppendGraphicsExtensions on input line 456.

(/usr/share/texlive/texmf-dist/tex/latex/latexconfig/epstopdf-sys.cfg
File: epstopdf-sys.cfg 2010/07/13 v1.3 Configuration of (r)epstopdf for TeX Liv
e
))
Package caption Info: Begin \AtBeginDocument code.
Package caption Info: longtable package is loaded.

(/usr/share/texlive/texmf-dist/tex/latex/caption/ltcaption.sty
Package: ltcaption 2013/06/09 v1.4-94 longtable captions (AR)
)
Package caption Info: End \AtBeginDocument code.

*geometry* driver: auto-detecting
*geometry* detected driver: pdftex
*geometry* verbose mode - [ preamble ] result:
* driver: pdftex
* paper: <default>
* layout: <same size as paper>
* layoutoffset:(h,v)=(0.0pt,0.0pt)
* modes: 
* h-part:(L,W,R)=(92.14519pt, 430.00462pt, 92.14519pt)
* v-part:(T,H,B)=(95.39737pt, 556.47656pt, 143.09605pt)
* \paperwidth=614.295pt
* \paperheight=794.96999pt
* \textwidth=430.00462pt
* \textheight=556.47656pt
* \oddsidemargin=19.8752pt
* \evensidemargin=19.8752pt
* \topmargin=-13.87262pt
* \headheight=12.0pt
* \headsep=25.0pt
* \topskip=11.0pt
* \footskip=30.0pt
* \marginparwidth=59.0pt
* \marginparsep=10.0pt
* \columnsep=10.0pt
* \skip\footins=10.0pt plus 4.0pt minus 2.0pt
* \hoffset=0.0pt
* \voffset=0.0pt
* \mag=1000
* \@twocolumnfalse
* \@twosidefalse
* \@mparswitchfalse
* \@reversemarginfalse
* (1in=72.27pt=25.4mm, 1cm=28.453pt)

(./temp.toc
LaTeX Font Info:    External font `cmex10' loaded for size
(Font)              <10.95> on input line 3.
LaTeX Font Info:    External font `cmex10' loaded for size
(Font)              <8> on input line 3.
LaTeX Font Info:    External font `cmex10' loaded for size
(Font)              <6> on input line 3.
)
\tf@toc=\write3
\openout3 = `temp.toc'.

 [1

{/var/lib/texmf/fonts/map/pdftex/updmap/pdftex.map}] [2]
[3]
*geometry* verbose mode - [ newgeometry ] result:
* driver: pdftex
* paper: <default>
* layout: <same size as paper>
* layoutoffset:(h,v)=(0.0pt,0.0pt)
* modes: 
* h-part:(L,W,R)=(14.22636pt, 507.92345pt, 92.14519pt)
* v-part:(T,H,B)=(28.45274pt, 671.11987pt, 95.39737pt)
* \paperwidth=614.295pt
* \paperheight=794.96999pt
* \textwidth=507.92345pt
* \textheight=671.11987pt
* \oddsidemargin=-58.04362pt
* \evensidemargin=-58.04362pt
* \topmargin=-80.81725pt
* \headheight=12.0pt
* \headsep=25.0pt
* \topskip=11.0pt
* \footskip=30.0pt
* \marginparwidth=59.0pt
* \marginparsep=10.0pt
* \columnsep=10.0pt
* \skip\footins=10.0pt plus 4.0pt minus 2.0pt
* \hoffset=0.0pt
* \voffset=0.0pt
* \mag=1000
* \@twocolumnfalse
* \@twosidefalse
* \@mparswitchfalse
* \@reversemarginfalse
* (1in=72.27pt=25.4mm, 1cm=28.453pt)


Overfull \hbox (6.18242pt too wide) in paragraph at lines 65--65
[]|\T1/cmr/m/n/10.95 Réf(s)| 
 []


Underfull \hbox (badness 10000) in paragraph at lines 65--65
[]|\T1/cmr/m/n/10.95 État(s) émo-
 []


Underfull \hbox (badness 10000) in paragraph at lines 65--65
\T1/cmr/m/n/10.95 tion-nel(s) à
 []


Underfull \hbox (badness 2970) in paragraph at lines 65--65
\T1/cmr/m/n/10.95 dé-tec-ter et à
 []


Underfull \hbox (badness 4353) in paragraph at lines 65--65
[]|\T1/cmr/m/n/10.95 Méthode de re-
 []


Underfull \hbox (badness 3492) in paragraph at lines 65--65
\T1/cmr/m/n/10.95 con-nais-sance des
 []


Underfull \hbox (badness 10000) in paragraph at lines 65--65
[]|\T1/cmr/m/n/10.95 Autres ca-
 []


Underfull \hbox (badness 10000) in paragraph at lines 65--65
\T1/cmr/m/n/10.95 rac-té-ris-tiques
 []


Underfull \hbox (badness 10000) in paragraph at lines 65--65
\T1/cmr/m/n/10.95 du joueur
 []


Underfull \hbox (badness 10000) in paragraph at lines 65--65
[]|\T1/cmr/m/n/10.95 Méthode
 []


Underfull \hbox (badness 10000) in paragraph at lines 65--65
\T1/cmr/m/n/10.95 d'adap-ta-tion
 []


Underfull \hbox (badness 10000) in paragraph at lines 65--65
\T1/cmr/m/n/10.95 pour l'état
 []


Underfull \hbox (badness 10000) in paragraph at lines 65--65
[]|\T1/cmr/m/n/10.95 Méthode
 []


Underfull \hbox (badness 10000) in paragraph at lines 65--65
\T1/cmr/m/n/10.95 d'adap-ta-tion
 []


Underfull \hbox (badness 10000) in paragraph at lines 65--65
\T1/cmr/m/n/10.95 pour d'autres
 []


Underfull \hbox (badness 10000) in paragraph at lines 65--66
[]|\T1/cmr/m/n/10.95 Domaine
 []


Underfull \hbox (badness 10000) in paragraph at lines 65--66
\T1/cmr/m/n/10.95 d'ap-pli-
 []


Overfull \hbox (81.06418pt too wide) in alignment at lines 61--66
 [] [] [] [] [] [] [] [] 
 []


Underfull \hbox (badness 10000) in paragraph at lines 68--68
[]|\T1/cmr/m/n/10.95 Emotiv
 []


Underfull \hbox (badness 10000) in paragraph at lines 68--68
\T1/cmr/m/n/10.95 EPOC+
 []


Underfull \hbox (badness 10000) in paragraph at lines 68--68
\T1/cmr/m/n/10.95 (pas-sive
 []


Underfull \hbox (badness 10000) in paragraph at lines 68--68
[]|\T1/cmr/m/n/10.95 Plusieurs mé-
 []


Underfull \hbox (badness 10000) in paragraph at lines 68--68
\T1/cmr/m/n/10.95 thodes de ma-
 []


Underfull \hbox (badness 10000) in paragraph at lines 68--68
\T1/cmr/m/n/10.95 chine lear-ning.
 []


Underfull \hbox (badness 10000) in paragraph at lines 68--68
\T1/cmr/m/n/10.95 Meilleure mé-
 []


Underfull \hbox (badness 1107) in paragraph at lines 68--68
\T1/cmr/m/n/10.95 thode : Ran-dom
 []


Underfull \hbox (badness 4479) in paragraph at lines 68--68
\T1/cmr/m/n/10.95 Fo-rest (pré-ci-sion
 []


Underfull \hbox (badness 10000) in paragraph at lines 68--69
[]|\T1/cmr/m/n/10.95 Jeu
 []


Underfull \hbox (badness 10000) in paragraph at lines 68--69
\T1/cmr/m/n/10.95 vi-déo
 []


Underfull \hbox (badness 10000) in paragraph at lines 68--69
\T1/cmr/m/n/10.95 (aven-
 []


Underfull \hbox (badness 10000) in paragraph at lines 68--69
\T1/cmr/m/n/10.95 ture
 []


Underfull \hbox (badness 10000) in paragraph at lines 68--69
\T1/cmr/m/n/10.95 hor-ri-
 []


Underfull \hbox (badness 10000) in paragraph at lines 70--70
[]|\T1/cmr/m/n/10.95 CAPTIV
 []


Underfull \hbox (badness 10000) in paragraph at lines 70--70
\T1/cmr/m/n/10.95 (de chez
 []


Underfull \hbox (badness 10000) in paragraph at lines 70--70
\T1/cmr/m/n/10.95 TEA),
 []


Underfull \hbox (badness 10000) in paragraph at lines 70--70
\T1/cmr/m/n/10.95 Neu-rosky
 []


Underfull \hbox (badness 10000) in paragraph at lines 70--70
\T1/cmr/m/n/10.95 Brain-wave
 []


Underfull \hbox (badness 10000) in paragraph at lines 70--70
\T1/cmr/m/n/10.95 Head-set
 []


Underfull \hbox (badness 10000) in paragraph at lines 70--70
\T1/cmr/m/n/10.95 (pour
 []


Underfull \hbox (badness 3635) in paragraph at lines 70--70
\T1/cmr/m/n/10.95 SKT, HR
 []


Underfull \hbox (badness 10000) in paragraph at lines 70--70
[]|\T1/cmr/m/n/10.95 Des han-ge-
 []


Underfull \hbox (badness 6220) in paragraph at lines 70--70
\T1/cmr/m/n/10.95 ments d'états
 []


Underfull \hbox (badness 10000) in paragraph at lines 70--70
[]|\T1/cmr/m/n/10.95 Carte d'or-
 []


Underfull \hbox (badness 2512) in paragraph at lines 70--70
\T1/cmr/m/n/10.95 ga-ni-sa-tion de
 []


Underfull \hbox (badness 10000) in paragraph at lines 70--70
\T1/cmr/m/n/10.95 Ko-ho-nen +
 []


Underfull \hbox (badness 10000) in paragraph at lines 70--71
\T1/cmr/m/n/10.95 va-sif et
 []


Underfull \hbox (badness 10000) in paragraph at lines 72--72
[]|\T1/cmr/m/n/10.95 BiTalino
 []


Overfull \hbox (5.04526pt too wide) in paragraph at lines 72--72
\T1/cmr/m/n/10.95 (r)evolution
 []


Underfull \hbox (badness 10000) in paragraph at lines 72--72
\T1/cmr/m/n/10.95 kit (re-
 []


Underfull \hbox (badness 10000) in paragraph at lines 72--72
\T1/cmr/m/n/10.95 tenu) ;
 []


Underfull \hbox (badness 10000) in paragraph at lines 72--72
\T1/cmr/m/n/10.95 Em-pa-tica
 []


Underfull \hbox (badness 10000) in paragraph at lines 72--72
\T1/cmr/m/n/10.95 E4 ; Mi-
 []


Underfull \hbox (badness 10000) in paragraph at lines 72--72
\T1/cmr/m/n/10.95 cro-soft
 []


Underfull \hbox (badness 10000) in paragraph at lines 72--72
\T1/cmr/m/n/10.95 Band 2 ;
 []


Underfull \hbox (badness 10000) in paragraph at lines 72--72
\T1/cmr/m/n/10.95 E-Health ;
 []


Underfull \hbox (badness 10000) in paragraph at lines 72--72
\T1/cmr/m/n/10.95 (Pour
 []


Underfull \hbox (badness 10000) in paragraph at lines 72--72
\T1/cmr/m/n/10.95 GSR et
 []


Underfull \hbox (badness 10000) in paragraph at lines 72--72
[]|\T1/cmr/m/n/10.95 Relaxé /
 []


Underfull \hbox (badness 10000) in paragraph at lines 72--72
\T1/cmr/m/n/10.95 Neutre /
 []


Underfull \hbox (badness 10000) in paragraph at lines 72--72
\T1/cmr/m/n/10.95 Stressé (sur
 []


Underfull \hbox (badness 10000) in paragraph at lines 72--72
[]|\T1/cmr/m/n/10.95 Auto-évaluation
 []


Underfull \hbox (badness 4543) in paragraph at lines 72--72
\T1/cmr/m/n/10.95 des joueurs du-
 []


Underfull \hbox (badness 10000) in paragraph at lines 72--72
\T1/cmr/m/n/10.95 rant la phase
 []


Underfull \hbox (badness 10000) in paragraph at lines 72--72
[]|\T1/cmr/m/n/10.95 La ver-sion
 []


Underfull \hbox (badness 10000) in paragraph at lines 72--72
\T1/cmr/m/n/10.95 adap-ta-tive du
 []


Underfull \hbox (badness 1436) in paragraph at lines 72--72
\T1/cmr/m/n/10.95 jeu uti-lise des
 []


Underfull \hbox (badness 4647) in paragraph at lines 72--72
\T1/cmr/m/n/10.95 "af-fec-tive pat-
 []


Underfull \hbox (badness 10000) in paragraph at lines 72--72
\T1/cmr/m/n/10.95 terns" comme
 []


Underfull \hbox (badness 10000) in paragraph at lines 72--72
\T1/cmr/m/n/10.95 "l'Im-mer-sion
 []


Underfull \hbox (badness 10000) in paragraph at lines 72--72
\T1/cmr/m/n/10.95 Emo-tion-nel",
 []


Underfull \hbox (badness 10000) in paragraph at lines 72--72
\T1/cmr/m/n/10.95 des en-ne-mis
 []


Underfull \hbox (badness 10000) in paragraph at lines 72--72
\T1/cmr/m/n/10.95 et des obs-
 []


Underfull \hbox (badness 10000) in paragraph at lines 72--72
\T1/cmr/m/n/10.95 in-for-ma-tions
 []


Underfull \hbox (badness 10000) in paragraph at lines 72--73
[]|\T1/cmr/m/n/10.95 Jeu
 []


Underfull \hbox (badness 10000) in paragraph at lines 72--73
\T1/cmr/m/n/10.95 vi-déo
 []


Underfull \hbox (badness 10000) in paragraph at lines 72--73
\T1/cmr/m/n/10.95 (scroll-
 []


Underfull \hbox (badness 10000) in paragraph at lines 74--74
[]|\T1/cmr/m/n/10.95 Empatica
 []


Underfull \hbox (badness 10000) in paragraph at lines 74--74
\T1/cmr/m/n/10.95 E4 (pour
 []


Underfull \hbox (badness 3240) in paragraph at lines 74--74
\T1/cmr/m/n/10.95 GSR, HR
 []


Underfull \hbox (badness 10000) in paragraph at lines 74--74
[]|\T1/cmr/m/n/10.95 Réseau de
 []


Underfull \hbox (badness 10000) in paragraph at lines 74--74
\T1/cmr/m/n/10.95 neu-ronnes à
 []


Underfull \hbox (badness 10000) in paragraph at lines 74--74
\T1/cmr/m/n/10.95 convo-lu-tion
 []


Underfull \hbox (badness 10000) in paragraph at lines 74--75
[]|\T1/cmr/m/n/10.95 Jeu
 []


Underfull \hbox (badness 10000) in paragraph at lines 74--75
\T1/cmr/m/n/10.95 vi-déo
 []


Underfull \hbox (badness 10000) in paragraph at lines 74--75
\T1/cmr/m/n/10.95 (Té-tris
 []


Underfull \hbox (badness 10000) in paragraph at lines 74--75
\T1/cmr/m/n/10.95 sur té-
 []


Underfull \hbox (badness 10000) in paragraph at lines 74--75
\T1/cmr/m/n/10.95 lé-phone
 []


Underfull \hbox (badness 10000) in paragraph at lines 74--75
\T1/cmr/m/n/10.95 por-
 []


Underfull \hbox (badness 1584) in paragraph at lines 76--76
[]|\T1/cmr/m/n/10.95 Style de jeu du
 []


Underfull \hbox (badness 10000) in paragraph at lines 76--76
[]|\T1/cmr/m/n/10.95 Ensemble
 []


Underfull \hbox (badness 10000) in paragraph at lines 76--76
\T1/cmr/m/n/10.95 évé-ne-ments,
 []


Underfull \hbox (badness 10000) in paragraph at lines 76--76
\T1/cmr/m/n/10.95 les ac-tions,
 []


Underfull \hbox (badness 10000) in paragraph at lines 76--76
\T1/cmr/m/n/10.95 les ob-jec-tifs,
 []


Underfull \hbox (badness 10000) in paragraph at lines 76--76
\T1/cmr/m/n/10.95 les sta-tuts
 []


Underfull \hbox (badness 10000) in paragraph at lines 76--76
\T1/cmr/m/n/10.95 des ob-jec-tifs
 []


Underfull \hbox (badness 10000) in paragraph at lines 76--76
\T1/cmr/m/n/10.95 + Fonc-tions
 []


Underfull \hbox (badness 3919) in paragraph at lines 76--76
\T1/cmr/m/n/10.95 pour la car-
 []


Underfull \hbox (badness 10000) in paragraph at lines 76--76
\T1/cmr/m/n/10.95 to-gra-phie
 []


Underfull \hbox (badness 10000) in paragraph at lines 76--76
\T1/cmr/m/n/10.95 de chaque
 []


Underfull \hbox (badness 10000) in paragraph at lines 76--76
\T1/cmr/m/n/10.95 ten-dances
 []


Underfull \hbox (badness 1490) in paragraph at lines 76--76
\T1/cmr/m/n/10.95 d'ac-tion pour
 []


Underfull \hbox (badness 10000) in paragraph at lines 76--76
\T1/cmr/m/n/10.95 chaque état
 []


Underfull \hbox (badness 10000) in paragraph at lines 76--76
\T1/cmr/m/n/10.95 émo-tion-nel
 []


Underfull \hbox (badness 10000) in paragraph at lines 76--76
\T1/cmr/m/n/10.95 (et fonc-tion
 []


Underfull \hbox (badness 10000) in paragraph at lines 76--76
\T1/cmr/m/n/10.95 in-verse), la
 []


Underfull \hbox (badness 10000) in paragraph at lines 76--76
\T1/cmr/m/n/10.95 car-to-gra-phie
 []


Underfull \hbox (badness 1490) in paragraph at lines 76--76
\T1/cmr/m/n/10.95 d'ac-tion pour
 []


Underfull \hbox (badness 10000) in paragraph at lines 76--76
\T1/cmr/m/n/10.95 chaque état
 []


Underfull \hbox (badness 10000) in paragraph at lines 76--76
\T1/cmr/m/n/10.95 émo-tion-
 []


Underfull \hbox (badness 10000) in paragraph at lines 76--76
\T1/cmr/m/n/10.95 nel et pour
 []


Underfull \hbox (badness 10000) in paragraph at lines 76--76
[]|\T1/cmr/m/n/10.95 Chaînes de
 []


Underfull \hbox (badness 10000) in paragraph at lines 76--76
\T1/cmr/m/n/10.95 Mar-kov et
 []


Underfull \hbox (badness 10000) in paragraph at lines 76--76
\T1/cmr/m/n/10.95 ma-trices de
 []


Underfull \hbox (badness 10000) in paragraph at lines 76--77
[]|\T1/cmr/m/n/10.95 Jeux
 []


Underfull \hbox (badness 10000) in paragraph at lines 76--77
\T1/cmr/m/n/10.95 sé-rieux
 []


Underfull \hbox (badness 10000) in paragraph at lines 76--77
\T1/cmr/m/n/10.95 (ap-pren-
 []


Underfull \hbox (badness 10000) in paragraph at lines 78--78
[]|\T1/cmr/m/n/10.95 Utilisation
 []


Underfull \hbox (badness 10000) in paragraph at lines 78--78
\T1/cmr/m/n/10.95 de l'API
 []


Underfull \hbox (badness 10000) in paragraph at lines 78--78
\T1/cmr/m/n/10.95 Goo-gle-So-cial-
 []


Underfull \hbox (badness 10000) in paragraph at lines 78--78
\T1/cmr/m/n/10.95 Gra-phAPI
 []


Underfull \hbox (badness 4024) in paragraph at lines 78--78
\T1/cmr/m/n/10.95 pour iden-ti-fier
 []


Underfull \hbox (badness 10000) in paragraph at lines 78--78
\T1/cmr/m/n/10.95 l'uti-li-sa-teur
 []


Underfull \hbox (badness 3271) in paragraph at lines 78--78
\T1/cmr/m/n/10.95 et dé-fi-nir son
 []


Underfull \hbox (badness 10000) in paragraph at lines 78--78
\T1/cmr/m/n/10.95 open-sources
 []


Underfull \hbox (badness 10000) in paragraph at lines 78--78
\T1/cmr/m/n/10.95 osnt uti-li-sés
 []


Underfull \hbox (badness 10000) in paragraph at lines 78--78
\T1/cmr/m/n/10.95 pour ex-traire
 []


Underfull \hbox (badness 10000) in paragraph at lines 78--78
\T1/cmr/m/n/10.95 dif-fé-rents ré-
 []


Underfull \hbox (badness 3271) in paragraph at lines 78--78
\T1/cmr/m/n/10.95 seaux so-ciaux.
 []


Underfull \hbox (badness 10000) in paragraph at lines 78--78
\T1/cmr/m/n/10.95 Word-Net et
 []


Underfull \hbox (badness 10000) in paragraph at lines 78--78
\T1/cmr/m/n/10.95 uti-li-sés pour
 []


Underfull \hbox (badness 2343) in paragraph at lines 78--78
\T1/cmr/m/n/10.95 le fil-trage des
 []


Underfull \hbox (badness 10000) in paragraph at lines 78--78
\T1/cmr/m/n/10.95 don-nées. Et
 []


Underfull \hbox (badness 10000) in paragraph at lines 78--78
\T1/cmr/m/n/10.95 les bases de
 []


Underfull \hbox (badness 10000) in paragraph at lines 78--78
\T1/cmr/m/n/10.95 connais-sances
 []


Underfull \hbox (badness 10000) in paragraph at lines 78--78
\T1/cmr/m/n/10.95 pé-dia sont
 []


Underfull \hbox (badness 10000) in paragraph at lines 78--78
\T1/cmr/m/n/10.95 ca-té-go-ri-ser
 []


Underfull \hbox (badness 10000) in paragraph at lines 78--78
\T1/cmr/m/n/10.95 les don-nées
 []


Underfull \hbox (badness 10000) in paragraph at lines 78--78
\T1/cmr/m/n/10.95 et ré-cu-pé-rer
 []


Underfull \hbox (badness 10000) in paragraph at lines 78--78
\T1/cmr/m/n/10.95 les don-nées
 []


Underfull \hbox (badness 10000) in paragraph at lines 78--78
\T1/cmr/m/n/10.95 concer-nant la
 []


Underfull \hbox (badness 10000) in paragraph at lines 78--78
\T1/cmr/m/n/10.95 culture avec
 []


Underfull \hbox (badness 10000) in paragraph at lines 78--78
\T1/cmr/m/n/10.95 une base de
 []


Underfull \hbox (badness 10000) in paragraph at lines 78--78
\T1/cmr/m/n/10.95 connais-sance
 []


Underfull \hbox (badness 10000) in paragraph at lines 78--78
\T1/cmr/m/n/10.95 spé-ci-fique
 []


Underfull \hbox (badness 10000) in paragraph at lines 78--79
[]|\T1/cmr/m/n/10.95 Jeux
 []


Underfull \hbox (badness 10000) in paragraph at lines 78--79
\T1/cmr/m/n/10.95 sé-rieux
 []


Overfull \hbox (7.90442pt too wide) in paragraph at lines 80--80
[]|\T1/cmr/m/n/10.95 BioNomadix
 []


Underfull \hbox (badness 10000) in paragraph at lines 80--80
\T1/cmr/m/n/10.95 Wir-less
 []


Underfull \hbox (badness 10000) in paragraph at lines 80--80
\T1/cmr/m/n/10.95 Sen-sors
 []


Underfull \hbox (badness 10000) in paragraph at lines 80--80
\T1/cmr/m/n/10.95 MP150
 []


Underfull \hbox (badness 10000) in paragraph at lines 80--80
\T1/cmr/m/n/10.95 (GSR,
 []


Underfull \hbox (badness 10000) in paragraph at lines 80--80
\T1/cmr/m/n/10.95 ECG,
 []


Underfull \hbox (badness 10000) in paragraph at lines 80--80
\T1/cmr/m/n/10.95 EMG,
 []


Underfull \hbox (badness 10000) in paragraph at lines 80--80
\T1/cmr/m/n/10.95 RR) +
 []


Underfull \hbox (badness 10000) in paragraph at lines 80--80
\T1/cmr/m/n/10.95 cap-teurs
 []


Underfull \hbox (badness 10000) in paragraph at lines 80--80
\T1/cmr/m/n/10.95 de mou-
 []


Underfull \hbox (badness 10000) in paragraph at lines 80--80
\T1/cmr/m/n/10.95 ve-ment
 []


Underfull \hbox (badness 2418) in paragraph at lines 80--80
\T1/cmr/m/n/10.95 + ca-méra
 []


Underfull \hbox (badness 10000) in paragraph at lines 80--80
\T1/cmr/m/n/10.95 (en-re-gistre
 []


Underfull \hbox (badness 10000) in paragraph at lines 80--80
\T1/cmr/m/n/10.95 le vi-sage
 []


Underfull \hbox (badness 10000) in paragraph at lines 80--80
\T1/cmr/m/n/10.95 ment des
 []


Underfull \hbox (badness 10000) in paragraph at lines 80--80
\T1/cmr/m/n/10.95 zy-go-ma-
 []


Underfull \hbox (badness 4132) in paragraph at lines 80--80
\T1/cmr/m/n/10.95 de la par-tie +
 []


Overfull \hbox (5.17685pt too wide) in paragraph at lines 80--80
[]|\T1/cmr/m/n/10.95 Reconnaissance
 []


Underfull \hbox (badness 10000) in paragraph at lines 80--80
\T1/cmr/m/n/10.95 neu-rones
 []


Underfull \hbox (badness 10000) in paragraph at lines 80--80
\T1/cmr/m/n/10.95 à convo-lu-
 []


Underfull \hbox (badness 10000) in paragraph at lines 80--80
\T1/cmr/m/n/10.95 tion (CNN)
 []


Underfull \hbox (badness 10000) in paragraph at lines 80--80
\T1/cmr/m/n/10.95 + Don-nées
 []


Underfull \hbox (badness 10000) in paragraph at lines 80--80
\T1/cmr/m/n/10.95 an-no-tées
 []


Underfull \hbox (badness 1210) in paragraph at lines 80--80
\T1/cmr/m/n/10.95 base de don-
 []


Underfull \hbox (badness 10000) in paragraph at lines 80--80
\T1/cmr/m/n/10.95 nées (DAG
 []


Underfull \hbox (badness 10000) in paragraph at lines 80--80
\T1/cmr/m/n/10.95 da-ta-base
 []


Underfull \hbox (badness 10000) in paragraph at lines 80--80
\T1/cmr/m/n/10.95 erag.lip6.fr,
 []


Underfull \hbox (badness 1210) in paragraph at lines 80--80
\T1/cmr/m/n/10.95 base de don-
 []


Underfull \hbox (badness 10000) in paragraph at lines 80--80
\T1/cmr/m/n/10.95 nées des
 []


Underfull \hbox (badness 10000) in paragraph at lines 80--81
[]|\T1/cmr/m/n/10.95 Jeu vi-
 []


Underfull \hbox (badness 10000) in paragraph at lines 82--82
[]|\T1/cmr/m/n/10.95 Capteurs
 []


Underfull \hbox (badness 10000) in paragraph at lines 82--82
\T1/cmr/m/n/10.95 de pres-
 []


Underfull \hbox (badness 10000) in paragraph at lines 82--82
[]|\T1/cmr/m/n/10.95 Moyenne du
 []


Underfull \hbox (badness 10000) in paragraph at lines 82--82
\T1/cmr/m/n/10.95 la va-riance de
 []


Underfull \hbox (badness 10000) in paragraph at lines 82--82
\T1/cmr/m/n/10.95 la pres-sion sur
 []


Underfull \hbox (badness 10000) in paragraph at lines 82--82
\T1/cmr/m/n/10.95 la case et le
 []


Underfull \hbox (badness 10000) in paragraph at lines 82--82
\T1/cmr/m/n/10.95 nombre d'in-ter-
 []


Underfull \hbox (badness 10000) in paragraph at lines 82--82
\T1/cmr/m/n/10.95 ac-tions avec la
 []


Underfull \hbox (badness 10000) in paragraph at lines 82--82
[]|\T1/cmr/m/n/10.95 "Amusement"
 []


Underfull \hbox (badness 10000) in paragraph at lines 82--82
\T1/cmr/m/n/10.95 re-cal-culé 3
 []


Underfull \hbox (badness 1320) in paragraph at lines 82--82
\T1/cmr/m/n/10.95 fois au cours
 []


Underfull \hbox (badness 3364) in paragraph at lines 82--82
\T1/cmr/m/n/10.95 t=45s, t=60s
 []


Underfull \hbox (badness 10000) in paragraph at lines 82--82
[]|\T1/cmr/m/n/10.95 Des règles
 []


Underfull \hbox (badness 10000) in paragraph at lines 82--82
\T1/cmr/m/n/10.95 pré-dé-fi-nies
 []


Underfull \hbox (badness 10000) in paragraph at lines 82--82
\T1/cmr/m/n/10.95 per-mettent
 []


Underfull \hbox (badness 10000) in paragraph at lines 82--82
\T1/cmr/m/n/10.95 l'aug-men-ta-tion
 []


Underfull \hbox (badness 1215) in paragraph at lines 82--82
\T1/cmr/m/n/10.95 du nombre de
 []


Underfull \hbox (badness 10000) in paragraph at lines 82--82
\T1/cmr/m/n/10.95 cases jouables
 []


Underfull \hbox (badness 10000) in paragraph at lines 82--82
\T1/cmr/m/n/10.95 ou de la
 []


Underfull \hbox (badness 10000) in paragraph at lines 82--82
\T1/cmr/m/n/10.95 ra-pi-dité d'ap-
 []


Underfull \hbox (badness 4467) in paragraph at lines 82--82
\T1/cmr/m/n/10.95 pa-ri-tion / de
 []


Underfull \hbox (badness 1320) in paragraph at lines 82--82
\T1/cmr/m/n/10.95 dis-pa-ri-tion des
 []


Underfull \hbox (badness 10000) in paragraph at lines 82--82
\T1/cmr/m/n/10.95 points lu-mi-
 []


Underfull \hbox (badness 10000) in paragraph at lines 82--82
\T1/cmr/m/n/10.95 neux sur la
 []


Underfull \hbox (badness 10000) in paragraph at lines 82--82
\T1/cmr/m/n/10.95 plate-forme
 []


Underfull \hbox (badness 10000) in paragraph at lines 82--82
\T1/cmr/m/n/10.95 d'amu-se-ment
 []


Overfull \hbox (0.71976pt too wide) in paragraph at lines 82--83
[]|\T1/cmr/m/n/10.95 Playware
 []


Underfull \hbox (badness 10000) in paragraph at lines 82--83
\T1/cmr/m/n/10.95 ("Bugs-
 []


Overfull \hbox (5.22829pt too wide) in paragraph at lines 82--83
\T1/cmr/m/n/10.95 smasher")| 
 []


Overfull \hbox (81.06418pt too wide) in alignment at lines 66--86
 [] [] [] [] [] [] [] [] 
 []


Underfull \vbox (badness 10000) detected at line 86
 []

[4

] [5] [6] [7]

LaTeX Warning: Reference `app:annexe1' on page 8 undefined on input line 90.


LaTeX Warning: Reference `app:annexe2' on page 8 undefined on input line 92.

[8

] [9]

LaTeX Warning: Reference `ann:capteurseda' on page 10 undefined on input line 1
31.


LaTeX Warning: Citation `yannakakis_et_al._2013' on page 10 undefined on input 
line 143.

[10]
<../../include/ontologie_stage_cnam-v2-6.jpg, id=39, 886.31125pt x 469.755pt>
File: ../../include/ontologie_stage_cnam-v2-6.jpg Graphic file (type jpg)
<use ../../include/ontologie_stage_cnam-v2-6.jpg>
Package pdftex.def Info: ../../include/ontologie_stage_cnam-v2-6.jpg  used on i
nput line 162. on input line 162.
Package pdftex.def Info: Requested size: 443.15454pt x 234.87692pt on input lin
e 162.

Overfull \hbox (13.14992pt too wide) in paragraph at lines 162--163
 [][] 
 []

[11 <../../include/ontologie_stage_cnam-v2-6.jpg>]
LaTeX Font Info:    Try loading font information for T1+cmtt on input line 172.


(/usr/share/texlive/texmf-dist/tex/latex/base/t1cmtt.fd
File: t1cmtt.fd 2014/09/29 v2.5h Standard LaTeX font definitions
) [12] (./temp.bbl
[13]) [14] (./temp.aux)

LaTeX Warning: There were undefined references.

 ) 
Here is how much of TeX's memory you used:
 5454 strings out of 494829
 78023 string characters out of 6178001
 180722 words of memory out of 5000000
 8691 multiletter control sequences out of 15000+600000
 12693 words of font info for 32 fonts, out of 8000000 for 9000
 59 hyphenation exceptions out of 8191
 42i,10n,46p,608b,423s stack positions out of 5000i,500n,10000p,200000b,80000s
 </home/user/.texlive2017/texmf-var/fonts/pk/ljfour/jknappen/ec/ecti1095.600p
k> </home/user/.texlive2017/texmf-var/fonts/pk/ljfour/jknappen/ec/ectt1095.600p
k> </home/user/.texlive2017/texmf-var/fonts/pk/ljfour/jknappen/ec/eccc1095.600p
k> </home/user/.texlive2017/texmf-var/fonts/pk/ljfour/jknappen/ec/ecbx1200.600p
k> </home/user/.texlive2017/texmf-var/fonts/pk/ljfour/jknappen/ec/ecrm1095.600p
k> </home/user/.texlive2017/texmf-var/fonts/pk/ljfour/jknappen/ec/ecbx1095.600p
k> </home/user/.texlive2017/texmf-var/fonts/pk/ljfour/jknappen/ec/ecbx1440.600p
k>
Output written on temp.pdf (14 pages, 172550 bytes).
PDF statistics:
 348 PDF objects out of 1000 (max. 8388607)
 61 compressed objects within 1 object stream
 0 named destinations out of 1000 (max. 500000)
 6 words of extra memory for PDF output out of 10000 (max. 10000000)

